<?xml version="1.0" encoding="UTF-8"?>
<!-- Generated by org.testng.reporters.JUnitReportReporter -->
<testsuite skipped="0" hostname="DESKTOP-BKR93A7" name="com.handelsgillet.TestCases.SideMenuAllTabsTestCase" tests="15" failures="0" timestamp="23 May 2018 19:06:27 GMT" time="984.079" errors="0">
  <testcase name="verifySideNewApplicationTab" time="62.175" classname="com.handelsgillet.TestCases.SideMenuAllTabsTestCase"/>
  <testcase name="verifySideHomeTabTest" time="65.923" classname="com.handelsgillet.TestCases.SideMenuAllTabsTestCase"/>
  <testcase name="verifySideManageMemberTab" time="63.460" classname="com.handelsgillet.TestCases.SideMenuAllTabsTestCase"/>
  <testcase name="verifySideGroupsTab" time="65.645" classname="com.handelsgillet.TestCases.SideMenuAllTabsTestCase"/>
  <testcase name="verifySideEventsTab" time="67.777" classname="com.handelsgillet.TestCases.SideMenuAllTabsTestCase"/>
  <testcase name="verifySideManageTagsTab" time="63.879" classname="com.handelsgillet.TestCases.SideMenuAllTabsTestCase"/>
  <testcase name="verifySideCreateSiteTab" time="68.475" classname="com.handelsgillet.TestCases.SideMenuAllTabsTestCase"/>
  <testcase name="verifySideManageArticleTab" time="65.525" classname="com.handelsgillet.TestCases.SideMenuAllTabsTestCase"/>
  <testcase name="verifySideSuppliersTab" time="70.823" classname="com.handelsgillet.TestCases.SideMenuAllTabsTestCase"/>
  <testcase name="verifySideManageRoomBooking" time="79.735" classname="com.handelsgillet.TestCases.SideMenuAllTabsTestCase"/>
  <testcase name="verifySideFeeStructureTab" time="67.826" classname="com.handelsgillet.TestCases.SideMenuAllTabsTestCase"/>
  <testcase name="verifySideRoleTab" time="65.873" classname="com.handelsgillet.TestCases.SideMenuAllTabsTestCase"/>
  <testcase name="verifySideStatisticsTab" time="54.467" classname="com.handelsgillet.TestCases.SideMenuAllTabsTestCase"/>
  <testcase name="verifySideEditStaticPagesTab" time="54.029" classname="com.handelsgillet.TestCases.SideMenuAllTabsTestCase"/>
  <testcase name="verifySideMemberType" time="68.467" classname="com.handelsgillet.TestCases.SideMenuAllTabsTestCase"/>
</testsuite> <!-- com.handelsgillet.TestCases.SideMenuAllTabsTestCase -->
