<?xml version="1.0" encoding="UTF-8"?>
<!-- Generated by org.testng.reporters.JUnitReportReporter -->
<testsuite skipped="5" hostname="DESKTOP-BKR93A7" name="com.handelsgillet.TestCases.SideMenuRolePageTestCase" tests="6" failures="0" timestamp="27 May 2018 17:44:16 GMT" time="104.503" errors="0">
  <testcase name="verifyCreateRoleCreate" time="104.503" classname="com.handelsgillet.TestCases.SideMenuRolePageTestCase"/>
  <testcase name="verifyRoleDeleteYes" classname="com.handelsgillet.TestCases.SideMenuRolePageTestCase">
    <skipped/>
  </testcase> <!-- verifyRoleDeleteYes -->
  <testcase name="verifyRoleDeleteNo" classname="com.handelsgillet.TestCases.SideMenuRolePageTestCase">
    <skipped/>
  </testcase> <!-- verifyRoleDeleteNo -->
  <testcase name="verifyRoleSearch" classname="com.handelsgillet.TestCases.SideMenuRolePageTestCase">
    <skipped/>
  </testcase> <!-- verifyRoleSearch -->
  <testcase name="verifyRoleViewAndCancel" classname="com.handelsgillet.TestCases.SideMenuRolePageTestCase">
    <skipped/>
  </testcase> <!-- verifyRoleViewAndCancel -->
  <testcase name="verifyCreateRoleCancel" classname="com.handelsgillet.TestCases.SideMenuRolePageTestCase">
    <skipped/>
  </testcase> <!-- verifyCreateRoleCancel -->
</testsuite> <!-- com.handelsgillet.TestCases.SideMenuRolePageTestCase -->
