<?xml version="1.0" encoding="UTF-8"?>
<!-- Generated by org.testng.reporters.JUnitReportReporter -->
<testsuite skipped="0" hostname="DESKTOP-BKR93A7" name="com.handelsgillet.TestCases.SideMenuNewApplicationPageTestCase" tests="5" failures="0" timestamp="01 Jul 2018 19:34:47 GMT" time="791.523" errors="0">
  <testcase name="verifyNewApplicationViewAndCancelClick" time="167.944" classname="com.handelsgillet.TestCases.SideMenuNewApplicationPageTestCase"/>
  <testcase name="verifyNewApplicationViewAndAcceptApplication" time="97.678" classname="com.handelsgillet.TestCases.SideMenuNewApplicationPageTestCase"/>
  <testcase name="verifyNewApplicationViewAndDeleteApplication" time="100.133" classname="com.handelsgillet.TestCases.SideMenuNewApplicationPageTestCase"/>
  <testcase name="verifyNewApplicationViewAndEditCancelApplication" time="194.418" classname="com.handelsgillet.TestCases.SideMenuNewApplicationPageTestCase"/>
  <testcase name="VerifyApplicationFormAndEdit_SaveApplication" time="231.350" classname="com.handelsgillet.TestCases.SideMenuNewApplicationPageTestCase"/>
</testsuite> <!-- com.handelsgillet.TestCases.SideMenuNewApplicationPageTestCase -->
