<?xml version="1.0" encoding="UTF-8"?>
<!-- Generated by org.testng.reporters.JUnitReportReporter -->
<testsuite skipped="0" hostname="jpraveenkumar-macbookair.roam.corp.google.com" name="com.handelsgillet.TestCases.HGLandingMenuPageTestCase" tests="1" failures="0" timestamp="30 Apr 2018 09:40:52 GMT" time="15.371" errors="0">
  <testcase name="verifyMenuOmHandelsgilletTest" time="15.371" classname="com.handelsgillet.TestCases.HGLandingMenuPageTestCase"/>
</testsuite> <!-- com.handelsgillet.TestCases.HGLandingMenuPageTestCase -->
