<?xml version="1.0" encoding="UTF-8"?>
<!-- Generated by org.testng.reporters.JUnitReportReporter -->
<testsuite skipped="11" hostname="DESKTOP-BKR93A7" name="com.handelsgillet.TestCases.SideMenuEventsPageTestCase" tests="15" failures="0" timestamp="30 Jun 2018 06:20:05 GMT" time="311.805" errors="0">
  <testcase name="VerifyHGEventFormInviteMember" time="89.274" classname="com.handelsgillet.TestCases.SideMenuEventsPageTestCase"/>
  <testcase name="verifygroupsSearchEventsType" time="71.279" classname="com.handelsgillet.TestCases.SideMenuEventsPageTestCase"/>
  <testcase name="verifyClickOnEventsTypeMenuCreateEventAndCreate" time="72.667" classname="com.handelsgillet.TestCases.SideMenuEventsPageTestCase"/>
  <testcase name="verifyClickOnEventsTypeMenuCreateEventAndCancel" time="78.585" classname="com.handelsgillet.TestCases.SideMenuEventsPageTestCase"/>
  <testcase name="verifyHGEventSearchByDate" classname="com.handelsgillet.TestCases.SideMenuEventsPageTestCase">
    <skipped/>
  </testcase> <!-- verifyHGEventSearchByDate -->
  <testcase name="verifyEventAllTabNavigation" classname="com.handelsgillet.TestCases.SideMenuEventsPageTestCase">
    <skipped/>
  </testcase> <!-- verifyEventAllTabNavigation -->
  <testcase name="VerifyHGEventFormAndEdit_UpdateApplication" classname="com.handelsgillet.TestCases.SideMenuEventsPageTestCase">
    <skipped/>
  </testcase> <!-- VerifyHGEventFormAndEdit_UpdateApplication -->
  <testcase name="verifyClickonMembersAndBackButton" classname="com.handelsgillet.TestCases.SideMenuEventsPageTestCase">
    <skipped/>
  </testcase> <!-- verifyClickonMembersAndBackButton -->
  <testcase name="verifyCreateTags" classname="com.handelsgillet.TestCases.SideMenuEventsPageTestCase">
    <skipped/>
  </testcase> <!-- verifyCreateTags -->
  <testcase name="VerifyHGEventFormQuestionare" classname="com.handelsgillet.TestCases.SideMenuEventsPageTestCase">
    <skipped/>
  </testcase> <!-- VerifyHGEventFormQuestionare -->
  <testcase name="VerifyApplicationFormAndCancel" classname="com.handelsgillet.TestCases.SideMenuEventsPageTestCase">
    <skipped/>
  </testcase> <!-- VerifyApplicationFormAndCancel -->
  <testcase name="verifyCancelEventAndYesButton" classname="com.handelsgillet.TestCases.SideMenuEventsPageTestCase">
    <skipped/>
  </testcase> <!-- verifyCancelEventAndYesButton -->
  <testcase name="verifyHGEventSearch" classname="com.handelsgillet.TestCases.SideMenuEventsPageTestCase">
    <skipped/>
  </testcase> <!-- verifyHGEventSearch -->
  <testcase name="VerifyHGFormAndEdit_CancelApplication" classname="com.handelsgillet.TestCases.SideMenuEventsPageTestCase">
    <skipped/>
  </testcase> <!-- VerifyHGFormAndEdit_CancelApplication -->
  <testcase name="verifyCancelEventAndNoButton" classname="com.handelsgillet.TestCases.SideMenuEventsPageTestCase">
    <skipped/>
  </testcase> <!-- verifyCancelEventAndNoButton -->
</testsuite> <!-- com.handelsgillet.TestCases.SideMenuEventsPageTestCase -->
