<?xml version="1.0" encoding="UTF-8"?>
<!-- Generated by org.testng.reporters.JUnitReportReporter -->
<testsuite skipped="15" hostname="DESKTOP-BKR93A7" name="com.handelsgillet.TestCases.SideMenuGroupsPageTestCase" tests="16" failures="0" timestamp="01 Jul 2018 20:46:01 GMT" time="58.810" errors="0">
  <testcase name="verifygoToSiteClubs" time="58.810" classname="com.handelsgillet.TestCases.SideMenuGroupsPageTestCase"/>
  <testcase name="verifyGroupsDeleteYes" classname="com.handelsgillet.TestCases.SideMenuGroupsPageTestCase">
    <skipped/>
  </testcase> <!-- verifyGroupsDeleteYes -->
  <testcase name="verifyClubSearch" classname="com.handelsgillet.TestCases.SideMenuGroupsPageTestCase">
    <skipped/>
  </testcase> <!-- verifyClubSearch -->
  <testcase name="verifyViewClubEditCancel" classname="com.handelsgillet.TestCases.SideMenuGroupsPageTestCase">
    <skipped/>
  </testcase> <!-- verifyViewClubEditCancel -->
  <testcase name="verifyViewClubAndBack" classname="com.handelsgillet.TestCases.SideMenuGroupsPageTestCase">
    <skipped/>
  </testcase> <!-- verifyViewClubAndBack -->
  <testcase name="verifyClubDeleteYes" classname="com.handelsgillet.TestCases.SideMenuGroupsPageTestCase">
    <skipped/>
  </testcase> <!-- verifyClubDeleteYes -->
  <testcase name="verifyViewGuoupAndEditUpdate" classname="com.handelsgillet.TestCases.SideMenuGroupsPageTestCase">
    <skipped/>
  </testcase> <!-- verifyViewGuoupAndEditUpdate -->
  <testcase name="verifyViewGuoupEditCancel" classname="com.handelsgillet.TestCases.SideMenuGroupsPageTestCase">
    <skipped/>
  </testcase> <!-- verifyViewGuoupEditCancel -->
  <testcase name="verifyViewClubAndEditUpdate" classname="com.handelsgillet.TestCases.SideMenuGroupsPageTestCase">
    <skipped/>
  </testcase> <!-- verifyViewClubAndEditUpdate -->
  <testcase name="verifyClubDeleteNo" classname="com.handelsgillet.TestCases.SideMenuGroupsPageTestCase">
    <skipped/>
  </testcase> <!-- verifyClubDeleteNo -->
  <testcase name="verifygroupSearch" classname="com.handelsgillet.TestCases.SideMenuGroupsPageTestCase">
    <skipped/>
  </testcase> <!-- verifygroupSearch -->
  <testcase name="verifyClubDeleteAllYes" classname="com.handelsgillet.TestCases.SideMenuGroupsPageTestCase">
    <skipped/>
  </testcase> <!-- verifyClubDeleteAllYes -->
  <testcase name="verifyGroupsDeleteAllYes" classname="com.handelsgillet.TestCases.SideMenuGroupsPageTestCase">
    <skipped/>
  </testcase> <!-- verifyGroupsDeleteAllYes -->
  <testcase name="verifyViewGroupAndBack" classname="com.handelsgillet.TestCases.SideMenuGroupsPageTestCase">
    <skipped/>
  </testcase> <!-- verifyViewGroupAndBack -->
  <testcase name="verifyGroupDeleteNo" classname="com.handelsgillet.TestCases.SideMenuGroupsPageTestCase">
    <skipped/>
  </testcase> <!-- verifyGroupDeleteNo -->
  <testcase name="verifygoToSiteGroups" classname="com.handelsgillet.TestCases.SideMenuGroupsPageTestCase">
    <skipped/>
  </testcase> <!-- verifygoToSiteGroups -->
</testsuite> <!-- com.handelsgillet.TestCases.SideMenuGroupsPageTestCase -->
