<?xml version="1.0" encoding="UTF-8"?>
<!-- Generated by org.testng.reporters.JUnitReportReporter -->
<testsuite skipped="0" hostname="DESKTOP-BKR93A7" name="com.handelsgillet.TestCases.SideMenuManageTagsTestCase" tests="1" failures="0" timestamp="03 Jul 2018 15:48:06 GMT" time="84.660" errors="0">
  <testcase name="verifyCreateTags" time="84.660" classname="com.handelsgillet.TestCases.SideMenuManageTagsTestCase"/>
</testsuite> <!-- com.handelsgillet.TestCases.SideMenuManageTagsTestCase -->
