<?xml version="1.0" encoding="UTF-8"?>
<!-- Generated by org.testng.reporters.JUnitReportReporter -->
<testsuite skipped="1" hostname="DESKTOP-BKR93A7" name="com.handelsgillet.TestCases.LoginPageTestCase" tests="3" failures="0" timestamp="02 Jun 2018 12:46:31 GMT" time="58.769" errors="0">
  <testcase name="loginPageTitleTest" time="23.342" classname="com.handelsgillet.TestCases.LoginPageTestCase"/>
  <testcase name="loginTest" time="35.427" classname="com.handelsgillet.TestCases.LoginPageTestCase"/>
  <testcase name="hgLogoTest" classname="com.handelsgillet.TestCases.LoginPageTestCase">
    <skipped/>
  </testcase> <!-- hgLogoTest -->
</testsuite> <!-- com.handelsgillet.TestCases.LoginPageTestCase -->
