<?xml version="1.0" encoding="UTF-8"?>
<!-- Generated by org.testng.reporters.JUnitReportReporter -->
<testsuite skipped="1" hostname="DESKTOP-BKR93A7" name="com.handelsgillet.TestCases.LoginClubAdminPageTestCase" tests="3" failures="0" timestamp="02 Jun 2018 12:48:13 GMT" time="71.925" errors="0">
  <testcase name="loginPageTitleTest" time="28.881" classname="com.handelsgillet.TestCases.LoginClubAdminPageTestCase"/>
  <testcase name="loginTest" time="43.044" classname="com.handelsgillet.TestCases.LoginClubAdminPageTestCase"/>
  <testcase name="hgLogoTest" classname="com.handelsgillet.TestCases.LoginClubAdminPageTestCase">
    <skipped/>
  </testcase> <!-- hgLogoTest -->
</testsuite> <!-- com.handelsgillet.TestCases.LoginClubAdminPageTestCase -->
