<?xml version="1.0" encoding="UTF-8"?>
<!-- Generated by org.testng.reporters.JUnitReportReporter -->
<testsuite skipped="0" hostname="DESKTOP-BKR93A7" name="com.handelsgillet.TestCases.SideMenuHomePageTestCase" tests="1" failures="0" timestamp="01 Jul 2018 19:34:47 GMT" time="94.171" errors="0">
  <testcase name="homePageFeatures" time="94.171" classname="com.handelsgillet.TestCases.SideMenuHomePageTestCase"/>
</testsuite> <!-- com.handelsgillet.TestCases.SideMenuHomePageTestCase -->
