<?xml version="1.0" encoding="UTF-8"?>
<!-- Generated by org.testng.reporters.JUnitReportReporter -->
<testsuite skipped="0" hostname="DESKTOP-BKR93A7" name="com.handelsgillet.TestCases.SideMenuNewApplicationPageTestCase" tests="5" failures="0" timestamp="24 Jun 2018 17:38:57 GMT" time="641.343" errors="0">
  <testcase name="verifyNewApplicationViewAndCancelClick" time="142.769" classname="com.handelsgillet.TestCases.SideMenuNewApplicationPageTestCase"/>
  <testcase name="verifyNewApplicationViewAndAcceptApplication" time="97.115" classname="com.handelsgillet.TestCases.SideMenuNewApplicationPageTestCase"/>
  <testcase name="verifyNewApplicationViewAndDeleteApplication" time="108.538" classname="com.handelsgillet.TestCases.SideMenuNewApplicationPageTestCase"/>
  <testcase name="verifyNewApplicationViewAndEditCancelApplication" time="130.471" classname="com.handelsgillet.TestCases.SideMenuNewApplicationPageTestCase"/>
  <testcase name="VerifyApplicationFormAndEdit_SaveApplication" time="162.450" classname="com.handelsgillet.TestCases.SideMenuNewApplicationPageTestCase"/>
</testsuite> <!-- com.handelsgillet.TestCases.SideMenuNewApplicationPageTestCase -->
