<?xml version="1.0" encoding="UTF-8"?>
<!-- Generated by org.testng.reporters.JUnitReportReporter -->
<testsuite skipped="0" hostname="DESKTOP-BKR93A7" name="com.handelsgillet.TestCases.RegistrationPageTestCase" tests="4" failures="0" timestamp="02 Jun 2018 22:08:42 GMT" time="345.614" errors="0">
  <testcase name="registerTest" time="83.871" classname="com.handelsgillet.TestCases.RegistrationPageTestCase"/>
  <testcase name="registerTest" time="88.234" classname="com.handelsgillet.TestCases.RegistrationPageTestCase"/>
  <testcase name="registerTest" time="93.126" classname="com.handelsgillet.TestCases.RegistrationPageTestCase"/>
  <testcase name="registerTest" time="80.383" classname="com.handelsgillet.TestCases.RegistrationPageTestCase"/>
</testsuite> <!-- com.handelsgillet.TestCases.RegistrationPageTestCase -->
