<?xml version="1.0" encoding="UTF-8"?>
<!-- Generated by org.testng.reporters.JUnitReportReporter -->
<testsuite skipped="0" hostname="DESKTOP-BKR93A7" name="com.handelsgillet.TestCases.SideMenuManageTagsTestCase" tests="1" failures="0" timestamp="05 Jun 2018 17:10:23 GMT" time="57.982" errors="0">
  <testcase name="verifyCreateTags" time="57.982" classname="com.handelsgillet.TestCases.SideMenuManageTagsTestCase"/>
</testsuite> <!-- com.handelsgillet.TestCases.SideMenuManageTagsTestCase -->
