<?xml version="1.0" encoding="UTF-8"?>
<!-- Generated by org.testng.reporters.JUnitReportReporter -->
<testsuite skipped="8" hostname="DESKTOP-BKR93A7" name="com.handelsgillet.TestCases.SideMenuManageMemberPageTestCase" tests="9" failures="0" timestamp="02 Jun 2018 21:08:55 GMT" time="74.058" errors="1">
  <testcase name="verifyDetailsManageMemberClose" time="74.058" classname="com.handelsgillet.TestCases.SideMenuManageMemberPageTestCase">
    <error type="java.lang.NullPointerException">
      <![CDATA[java.lang.NullPointerExceptionat org.openqa.selenium.support.events.EventFiringWebDriver.extractInterfaces(EventFiringWebDriver.java:125)at org.openqa.selenium.support.events.EventFiringWebDriver.access$500(EventFiringWebDriver.java:70)at org.openqa.selenium.support.events.EventFiringWebDriver$EventFiringWebElement.<init>(EventFiringWebDriver.java:369)at org.openqa.selenium.support.events.EventFiringWebDriver$EventFiringWebElement.<init>(EventFiringWebDriver.java:361)at org.openqa.selenium.support.events.EventFiringWebDriver.createWebElement(EventFiringWebDriver.java:312)at org.openqa.selenium.support.events.EventFiringWebDriver.findElement(EventFiringWebDriver.java:195)at com.handelsgillet.pages.SideMenuManageMemberPage.detailsManageMemberClose(SideMenuManageMemberPage.java:238)at com.handelsgillet.TestCases.SideMenuManageMemberPageTestCase.verifyDetailsManageMemberClose(SideMenuManageMemberPageTestCase.java:143)at sun.reflect.NativeMethodAccessorImpl.invoke0(Native Method)at sun.reflect.NativeMethodAccessorImpl.invoke(Unknown Source)at sun.reflect.DelegatingMethodAccessorImpl.invoke(Unknown Source)at java.lang.reflect.Method.invoke(Unknown Source)at org.testng.internal.MethodInvocationHelper.invokeMethod(MethodInvocationHelper.java:124)at org.testng.internal.Invoker.invokeMethod(Invoker.java:571)at org.testng.internal.Invoker.invokeTestMethod(Invoker.java:707)at org.testng.internal.Invoker.invokeTestMethods(Invoker.java:979)at org.testng.internal.TestMethodWorker.invokeTestMethods(TestMethodWorker.java:125)at org.testng.internal.TestMethodWorker.run(TestMethodWorker.java:109)at org.testng.TestRunner.privateRun(TestRunner.java:648)at org.testng.TestRunner.run(TestRunner.java:505)at org.testng.SuiteRunner.runTest(SuiteRunner.java:455)at org.testng.SuiteRunner.runSequentially(SuiteRunner.java:450)at org.testng.SuiteRunner.privateRun(SuiteRunner.java:415)at org.testng.SuiteRunner.run(SuiteRunner.java:364)at org.testng.SuiteRunnerWorker.runSuite(SuiteRunnerWorker.java:52)at org.testng.SuiteRunnerWorker.run(SuiteRunnerWorker.java:84)at org.testng.TestNG.runSuitesSequentially(TestNG.java:1187)at org.testng.TestNG.runSuitesLocally(TestNG.java:1116)at org.testng.TestNG.runSuites(TestNG.java:1028)at org.testng.TestNG.run(TestNG.java:996)at org.testng.remote.AbstractRemoteTestNG.run(AbstractRemoteTestNG.java:114)at org.testng.remote.RemoteTestNG.initAndRun(RemoteTestNG.java:251)at org.testng.remote.RemoteTestNG.main(RemoteTestNG.java:77)]]>
    </error>
  </testcase> <!-- verifyDetailsManageMemberClose -->
  <testcase name="verifyManageMemberDeleteYes" classname="com.handelsgillet.TestCases.SideMenuManageMemberPageTestCase">
    <skipped/>
  </testcase> <!-- verifyManageMemberDeleteYes -->
  <testcase name="verifyManageMemberViewAndPrint" classname="com.handelsgillet.TestCases.SideMenuManageMemberPageTestCase">
    <skipped/>
  </testcase> <!-- verifyManageMemberViewAndPrint -->
  <testcase name="verifyManageMemberViewAndBack" classname="com.handelsgillet.TestCases.SideMenuManageMemberPageTestCase">
    <skipped/>
  </testcase> <!-- verifyManageMemberViewAndBack -->
  <testcase name="verifysubscriptionManageMemberClose" classname="com.handelsgillet.TestCases.SideMenuManageMemberPageTestCase">
    <skipped/>
  </testcase> <!-- verifysubscriptionManageMemberClose -->
  <testcase name="verifyManageMemberViewAndEdit" classname="com.handelsgillet.TestCases.SideMenuManageMemberPageTestCase">
    <skipped/>
  </testcase> <!-- verifyManageMemberViewAndEdit -->
  <testcase name="verifysubscriptionManageMembersendInvoiceButton" classname="com.handelsgillet.TestCases.SideMenuManageMemberPageTestCase">
    <skipped/>
  </testcase> <!-- verifysubscriptionManageMembersendInvoiceButton -->
  <testcase name="verifyManageMemberDeleteNo" classname="com.handelsgillet.TestCases.SideMenuManageMemberPageTestCase">
    <skipped/>
  </testcase> <!-- verifyManageMemberDeleteNo -->
  <testcase name="verifyManageMemberSearch" classname="com.handelsgillet.TestCases.SideMenuManageMemberPageTestCase">
    <skipped/>
  </testcase> <!-- verifyManageMemberSearch -->
</testsuite> <!-- com.handelsgillet.TestCases.SideMenuManageMemberPageTestCase -->
