<?xml version="1.0" encoding="UTF-8"?>
<!-- Generated by org.testng.reporters.JUnitReportReporter -->
<testsuite skipped="1" hostname="DESKTOP-BKR93A7" name="com.handelsgillet.TestCases.LoginPageTestCase" tests="3" failures="0" timestamp="01 Jul 2018 19:34:47 GMT" time="100.848" errors="0">
  <testcase name="loginPageTitleTest" time="45.266" classname="com.handelsgillet.TestCases.LoginPageTestCase"/>
  <testcase name="loginTest" time="55.582" classname="com.handelsgillet.TestCases.LoginPageTestCase"/>
  <testcase name="hgLogoTest" classname="com.handelsgillet.TestCases.LoginPageTestCase">
    <skipped/>
  </testcase> <!-- hgLogoTest -->
</testsuite> <!-- com.handelsgillet.TestCases.LoginPageTestCase -->
