<?xml version="1.0" encoding="UTF-8"?>
<!-- Generated by org.testng.reporters.JUnitReportReporter -->
<testsuite skipped="0" hostname="DESKTOP-BKR93A7" name="com.handelsgillet.TestCases.SideMenuHomePageTestCase" tests="1" failures="0" timestamp="25 May 2018 10:48:41 GMT" time="64.358" errors="0">
  <testcase name="homePageFeatures" time="64.358" classname="com.handelsgillet.TestCases.SideMenuHomePageTestCase"/>
</testsuite> <!-- com.handelsgillet.TestCases.SideMenuHomePageTestCase -->
