<?xml version="1.0" encoding="UTF-8"?>
<!-- Generated by org.testng.reporters.JUnitReportReporter -->
<testsuite skipped="1" hostname="DESKTOP-BKR93A7" name="com.handelsgillet.TestCases.LoginPageTestCase" tests="3" failures="0" timestamp="24 Jun 2018 08:36:42 GMT" time="153.442" errors="0">
  <testcase name="loginPageTitleTest" time="87.706" classname="com.handelsgillet.TestCases.LoginPageTestCase"/>
  <testcase name="loginTest" time="65.736" classname="com.handelsgillet.TestCases.LoginPageTestCase"/>
  <testcase name="hgLogoTest" classname="com.handelsgillet.TestCases.LoginPageTestCase">
    <skipped/>
  </testcase> <!-- hgLogoTest -->
</testsuite> <!-- com.handelsgillet.TestCases.LoginPageTestCase -->
