<?xml version="1.0" encoding="UTF-8"?>
<!-- Generated by org.testng.reporters.JUnitReportReporter -->
<testsuite skipped="7" hostname="DESKTOP-BKR93A7" name="com.handelsgillet.TestCases.SideMenuGroupsPageTestCase" tests="8" failures="0" timestamp="04 Jun 2018 18:17:36 GMT" time="108.270" errors="0">
  <testcase name="verifygoToSiteGroups" time="108.270" classname="com.handelsgillet.TestCases.SideMenuGroupsPageTestCase"/>
  <testcase name="verifygroupSearch" classname="com.handelsgillet.TestCases.SideMenuGroupsPageTestCase">
    <skipped/>
  </testcase> <!-- verifygroupSearch -->
  <testcase name="verifyGroupsDeleteYes" classname="com.handelsgillet.TestCases.SideMenuGroupsPageTestCase">
    <skipped/>
  </testcase> <!-- verifyGroupsDeleteYes -->
  <testcase name="verifyManageMemberDeleteNo" classname="com.handelsgillet.TestCases.SideMenuGroupsPageTestCase">
    <skipped/>
  </testcase> <!-- verifyManageMemberDeleteNo -->
  <testcase name="verifyGroupsDeleteAllYes" classname="com.handelsgillet.TestCases.SideMenuGroupsPageTestCase">
    <skipped/>
  </testcase> <!-- verifyGroupsDeleteAllYes -->
  <testcase name="verifyViewGuoupOrClubAndBack" classname="com.handelsgillet.TestCases.SideMenuGroupsPageTestCase">
    <skipped/>
  </testcase> <!-- verifyViewGuoupOrClubAndBack -->
  <testcase name="verifyViewGuoupOrClubAndEditUpdate" classname="com.handelsgillet.TestCases.SideMenuGroupsPageTestCase">
    <skipped/>
  </testcase> <!-- verifyViewGuoupOrClubAndEditUpdate -->
  <testcase name="verifyViewGuoupOrClubAndEditCancel" classname="com.handelsgillet.TestCases.SideMenuGroupsPageTestCase">
    <skipped/>
  </testcase> <!-- verifyViewGuoupOrClubAndEditCancel -->
</testsuite> <!-- com.handelsgillet.TestCases.SideMenuGroupsPageTestCase -->
