<?xml version="1.0" encoding="UTF-8"?>
<!-- Generated by org.testng.reporters.JUnitReportReporter -->
<testsuite skipped="1" hostname="DESKTOP-BKR93A7" name="com.handelsgillet.TestCases.LoginMemberPageTestCase" tests="2" failures="0" timestamp="16 Jun 2018 18:51:32 GMT" time="225.374" errors="0">
  <testcase name="loginPageTitleTest" time="225.374" classname="com.handelsgillet.TestCases.LoginMemberPageTestCase"/>
  <testcase name="hgLogoTest" classname="com.handelsgillet.TestCases.LoginMemberPageTestCase">
    <skipped/>
  </testcase> <!-- hgLogoTest -->
</testsuite> <!-- com.handelsgillet.TestCases.LoginMemberPageTestCase -->
