<?xml version="1.0" encoding="UTF-8"?>
<!-- Generated by org.testng.reporters.JUnitReportReporter -->
<testsuite skipped="3" hostname="DESKTOP-BKR93A7" name="com.handelsgillet.TestCases.SideMenuNewApplicationPageTestCase" tests="4" failures="0" timestamp="26 May 2018 10:28:49 GMT" time="110.007" errors="0">
  <testcase name="verifyNewApplicationViewAndEditCancelApplication" time="110.007" classname="com.handelsgillet.TestCases.SideMenuNewApplicationPageTestCase"/>
  <testcase name="verifyNewApplicationViewAndCancelClick" classname="com.handelsgillet.TestCases.SideMenuNewApplicationPageTestCase">
    <skipped/>
  </testcase> <!-- verifyNewApplicationViewAndCancelClick -->
  <testcase name="verifyNewApplicationViewAndAcceptApplication" classname="com.handelsgillet.TestCases.SideMenuNewApplicationPageTestCase">
    <skipped/>
  </testcase> <!-- verifyNewApplicationViewAndAcceptApplication -->
  <testcase name="verifyNewApplicationViewAndDeleteApplication" classname="com.handelsgillet.TestCases.SideMenuNewApplicationPageTestCase">
    <skipped/>
  </testcase> <!-- verifyNewApplicationViewAndDeleteApplication -->
</testsuite> <!-- com.handelsgillet.TestCases.SideMenuNewApplicationPageTestCase -->
