<?xml version="1.0" encoding="UTF-8"?>
<!-- Generated by org.testng.reporters.JUnitReportReporter -->
<testsuite skipped="1" hostname="DESKTOP-BKR93A7" name="com.handelsgillet.TestCases.SideMenuEventsPageTestCase" tests="2" failures="0" timestamp="16 Jun 2018 18:12:43 GMT" time="425.705" errors="0">
  <testcase name="verifyCreateTags" time="425.705" classname="com.handelsgillet.TestCases.SideMenuEventsPageTestCase"/>
  <testcase name="verifyEventAllTabNavigation" classname="com.handelsgillet.TestCases.SideMenuEventsPageTestCase">
    <skipped/>
  </testcase> <!-- verifyEventAllTabNavigation -->
</testsuite> <!-- com.handelsgillet.TestCases.SideMenuEventsPageTestCase -->
