<?xml version="1.0" encoding="UTF-8"?>
<!-- Generated by org.testng.reporters.JUnitReportReporter -->
<testsuite skipped="3" hostname="DESKTOP-BKR93A7" name="com.handelsgillet.TestCases.SideMenuManageMemberPageTestCase" tests="5" failures="0" timestamp="01 Jul 2018 19:34:47 GMT" time="174.564" errors="0">
  <testcase name="verifyDetailsManageMemberClubClose" time="84.691" classname="com.handelsgillet.TestCases.SideMenuManageMemberPageTestCase"/>
  <testcase name="verifyDetailsManageMemberGroupClose" time="89.873" classname="com.handelsgillet.TestCases.SideMenuManageMemberPageTestCase"/>
  <testcase name="verifysubscriptionManageMemberClose" classname="com.handelsgillet.TestCases.SideMenuManageMemberPageTestCase">
    <skipped/>
  </testcase> <!-- verifysubscriptionManageMemberClose -->
  <testcase name="verifysubscriptionManageMembersendInvoiceButton" classname="com.handelsgillet.TestCases.SideMenuManageMemberPageTestCase">
    <skipped/>
  </testcase> <!-- verifysubscriptionManageMembersendInvoiceButton -->
  <testcase name="verifyManageMemberSearch" classname="com.handelsgillet.TestCases.SideMenuManageMemberPageTestCase">
    <skipped/>
  </testcase> <!-- verifyManageMemberSearch -->
</testsuite> <!-- com.handelsgillet.TestCases.SideMenuManageMemberPageTestCase -->
