<?xml version="1.0" encoding="UTF-8"?>
<!-- Generated by org.testng.reporters.JUnitReportReporter -->
<testsuite skipped="0" hostname="DESKTOP-BKR93A7" name="com.handelsgillet.TestCases.SideMenuHomePageTestCase" tests="1" failures="0" timestamp="24 Jun 2018 10:44:37 GMT" time="66.804" errors="0">
  <testcase name="homePageFeatures" time="66.804" classname="com.handelsgillet.TestCases.SideMenuHomePageTestCase"/>
</testsuite> <!-- com.handelsgillet.TestCases.SideMenuHomePageTestCase -->
