<?xml version="1.0" encoding="UTF-8"?>
<!-- Generated by org.testng.reporters.JUnitReportReporter -->
<testsuite skipped="0" hostname="DESKTOP-BKR93A7" name="com.handelsgillet.TestCases.RegistrationPageTestCase" tests="4" failures="0" timestamp="24 Jun 2018 16:11:54 GMT" time="410.508" errors="0">
  <testcase name="registerTest" time="98.921" classname="com.handelsgillet.TestCases.RegistrationPageTestCase"/>
  <testcase name="registerTest" time="84.971" classname="com.handelsgillet.TestCases.RegistrationPageTestCase"/>
  <testcase name="registerTest" time="119.887" classname="com.handelsgillet.TestCases.RegistrationPageTestCase"/>
  <testcase name="registerTest" time="106.729" classname="com.handelsgillet.TestCases.RegistrationPageTestCase"/>
</testsuite> <!-- com.handelsgillet.TestCases.RegistrationPageTestCase -->
