<?xml version="1.0" encoding="UTF-8"?>
<!-- Generated by org.testng.reporters.JUnitReportReporter -->
<testsuite skipped="3" hostname="DESKTOP-BKR93A7" name="com.handelsgillet.TestCases.SideMenuManageMemberPageTestCase" tests="5" failures="0" timestamp="30 Jun 2018 10:01:32 GMT" time="183.171" errors="0">
  <testcase name="verifyDetailsManageMemberGroupClose" time="93.730" classname="com.handelsgillet.TestCases.SideMenuManageMemberPageTestCase"/>
  <testcase name="verifyDetailsManageMemberClubClose" time="89.441" classname="com.handelsgillet.TestCases.SideMenuManageMemberPageTestCase"/>
  <testcase name="verifysubscriptionManageMemberClose" classname="com.handelsgillet.TestCases.SideMenuManageMemberPageTestCase">
    <skipped/>
  </testcase> <!-- verifysubscriptionManageMemberClose -->
  <testcase name="verifysubscriptionManageMembersendInvoiceButton" classname="com.handelsgillet.TestCases.SideMenuManageMemberPageTestCase">
    <skipped/>
  </testcase> <!-- verifysubscriptionManageMembersendInvoiceButton -->
  <testcase name="verifyManageMemberSearch" classname="com.handelsgillet.TestCases.SideMenuManageMemberPageTestCase">
    <skipped/>
  </testcase> <!-- verifyManageMemberSearch -->
</testsuite> <!-- com.handelsgillet.TestCases.SideMenuManageMemberPageTestCase -->
