<?xml version="1.0" encoding="UTF-8"?>
<!-- Generated by org.testng.reporters.JUnitReportReporter -->
<testsuite skipped="0" hostname="DESKTOP-BKR93A7" name="com.handelsgillet.TestCases.RegistrationPageTestCase" tests="4" failures="0" timestamp="01 Jul 2018 19:34:47 GMT" time="414.740" errors="0">
  <testcase name="registerTest" time="100.567" classname="com.handelsgillet.TestCases.RegistrationPageTestCase"/>
  <testcase name="registerTest" time="104.692" classname="com.handelsgillet.TestCases.RegistrationPageTestCase"/>
  <testcase name="registerTest" time="109.954" classname="com.handelsgillet.TestCases.RegistrationPageTestCase"/>
  <testcase name="registerTest" time="99.527" classname="com.handelsgillet.TestCases.RegistrationPageTestCase"/>
</testsuite> <!-- com.handelsgillet.TestCases.RegistrationPageTestCase -->
