<?xml version="1.0" encoding="UTF-8"?>
<!-- Generated by org.testng.reporters.JUnitReportReporter -->
<testsuite skipped="1" hostname="DESKTOP-BKR93A7" name="com.handelsgillet.TestCases.LoginMemberPageTestCase" tests="3" failures="0" timestamp="22 May 2018 16:24:27 GMT" time="315.495" errors="0">
  <testcase name="loginPageTitleTest" time="76.642" classname="com.handelsgillet.TestCases.LoginMemberPageTestCase"/>
  <testcase name="loginTest" time="238.853" classname="com.handelsgillet.TestCases.LoginMemberPageTestCase"/>
  <testcase name="hgLogoTest" classname="com.handelsgillet.TestCases.LoginMemberPageTestCase">
    <skipped/>
  </testcase> <!-- hgLogoTest -->
</testsuite> <!-- com.handelsgillet.TestCases.LoginMemberPageTestCase -->
