<?xml version="1.0" encoding="UTF-8"?>
<!-- Generated by org.testng.reporters.JUnitReportReporter -->
<testsuite skipped="0" hostname="DESKTOP-BKR93A7" name="com.handelsgillet.TestCases.HGLandingMenuPageTestCase" tests="6" failures="0" timestamp="24 Jun 2018 08:14:04 GMT" time="221.195" errors="0">
  <testcase name="verifyMenuOmHandelsgilletTest" time="35.343" classname="com.handelsgillet.TestCases.HGLandingMenuPageTestCase"/>
  <testcase name="verifyMenuAktuelTest" time="34.011" classname="com.handelsgillet.TestCases.HGLandingMenuPageTestCase"/>
  <testcase name="verifyMenuLokaliteterTest" time="50.353" classname="com.handelsgillet.TestCases.HGLandingMenuPageTestCase"/>
  <testcase name="verifyMenuKlubbarTest" time="31.134" classname="com.handelsgillet.TestCases.HGLandingMenuPageTestCase"/>
  <testcase name="verifyMenuKontakTest" time="34.052" classname="com.handelsgillet.TestCases.HGLandingMenuPageTestCase"/>
  <testcase name="verifyMenuGilleMagazineTest" time="36.302" classname="com.handelsgillet.TestCases.HGLandingMenuPageTestCase"/>
</testsuite> <!-- com.handelsgillet.TestCases.HGLandingMenuPageTestCase -->
