<?xml version="1.0" encoding="UTF-8"?>
<!-- Generated by org.testng.reporters.JUnitReportReporter -->
<testsuite skipped="3" hostname="DESKTOP-BKR93A7" name="com.handelsgillet.TestCases.SideMenuNewApplicationPageTestCase" tests="4" failures="0" timestamp="02 Jun 2018 13:23:13 GMT" time="72.732" errors="0">
  <testcase name="verifyNewApplicationViewAndDeleteApplication" time="72.732" classname="com.handelsgillet.TestCases.SideMenuNewApplicationPageTestCase"/>
  <testcase name="verifyNewApplicationViewAndCancelClick" classname="com.handelsgillet.TestCases.SideMenuNewApplicationPageTestCase">
    <skipped/>
  </testcase> <!-- verifyNewApplicationViewAndCancelClick -->
  <testcase name="verifyNewApplicationViewAndEditCancelApplication" classname="com.handelsgillet.TestCases.SideMenuNewApplicationPageTestCase">
    <skipped/>
  </testcase> <!-- verifyNewApplicationViewAndEditCancelApplication -->
  <testcase name="verifyNewApplicationViewAndAcceptApplication" classname="com.handelsgillet.TestCases.SideMenuNewApplicationPageTestCase">
    <skipped/>
  </testcase> <!-- verifyNewApplicationViewAndAcceptApplication -->
</testsuite> <!-- com.handelsgillet.TestCases.SideMenuNewApplicationPageTestCase -->
